<?xml version="1.0" encoding="UTF-8"?>
<!-- Generated by org.testng.reporters.JUnitReportReporter -->
<testsuite hostname="DESKTOP-63OQNSJ" failures="0" tests="1" name="com.qa.testCases.TC_001_AccountRegistrationTest" time="3.766" errors="0" timestamp="2023-06-12T14:29:42 IST" skipped="0">
  <testcase classname="com.qa.testCases.TC_001_AccountRegistrationTest" name="test_account_Registration" time="3.766"/>
  <system-out/>
</testsuite> <!-- com.qa.testCases.TC_001_AccountRegistrationTest -->
